Arguments: 
  /Users/eugene/.nvm/versions/node/v16.17.0/bin/node /usr/local/bin/yarn remove husky

PATH: 
  /Users/eugene/.rbenv/shims:/Users/eugene/flutter/bin:/Users/eugene/.nvm/versions/node/v16.17.0/bin:/opt/homebrew/bin:/usr/local/bin:/usr/bin:/bin:/usr/sbin:/sbin:/Library/Apple/usr/bin:/Users/eugene/Library/Android/sdk/emulator:/Users/eugene/Library/Android/sdk/platform-tools

Yarn version: 
  1.22.19

Node version: 
  16.17.0

Platform: 
  darwin arm64

Trace: 
  SyntaxError: /Users/eugene/Documents/RN-FIT/package.json: Unexpected token } in JSON at position 278
      at JSON.parse (<anonymous>)
      at /usr/local/lib/node_modules/yarn/lib/cli.js:1629:59
      at Generator.next (<anonymous>)
      at step (/usr/local/lib/node_modules/yarn/lib/cli.js:310:30)
      at /usr/local/lib/node_modules/yarn/lib/cli.js:321:13

npm manifest: 
  {
    "name": "reactnativeapp",
    "version": "0.0.1",
    "description": "React Native Template",
    "repository": "https://git.fabit.ru/std/reactnativeapp",
    "author": "Evgeniy Nazarov <Evgeni.Nazarov@fabit.ru",
    "license": "none",
    "dependencies": {
      "husky": "^8.0.2"
    },
  
  }

yarn manifest: 
  No manifest

Lockfile: 
  # THIS IS AN AUTOGENERATED FILE. DO NOT EDIT THIS FILE DIRECTLY.
  # yarn lockfile v1
  
  
  husky@^8.0.2:
    version "8.0.2"
    resolved "https://registry.yarnpkg.com/husky/-/husky-8.0.2.tgz#5816a60db02650f1f22c8b69b928fd6bcd77a236"
    integrity sha512-Tkv80jtvbnkK3mYWxPZePGFpQ/tT3HNSs/sasF9P2YfkMezDl3ON37YN6jUUI4eTg5LcyVynlb6r4eyvOmspvg==
